{
  "stats": {
    "suites": 2,
    "tests": 12,
    "passes": 12,
    "pending": 0,
    "failures": 0,
    "start": "2022-06-22T18:04:36.495Z",
    "end": "2022-06-22T18:04:58.667Z",
    "duration": 22172,
    "testsRegistered": 12,
    "passPercent": 100,
    "pendingPercent": 0,
    "other": 0,
    "hasOther": false,
    "skipped": 0,
    "hasSkipped": false
  },
  "results": [
    {
      "uuid": "10f02209-25b8-41ee-9ea9-abe92321fd13",
      "title": "",
      "fullFile": "cypress/integration/skleptest.spec.js",
      "file": "cypress/integration/skleptest.spec.js",
      "beforeHooks": [],
      "afterHooks": [],
      "tests": [],
      "suites": [
        {
          "uuid": "a9632fe9-d990-4a98-914a-181af2df9b5a",
          "title": "Testy skleptest.pl",
          "fullFile": "",
          "file": "",
          "beforeHooks": [],
          "afterHooks": [],
          "tests": [],
          "suites": [
            {
              "uuid": "f1fa2578-c008-4df1-8456-483f388f6f2a",
              "title": "Testy frontendowe sklepu",
              "fullFile": "",
              "file": "",
              "beforeHooks": [],
              "afterHooks": [],
              "tests": [
                {
                  "title": "Widocznosc nazwy sklepu",
                  "fullTitle": "Testy skleptest.pl Testy frontendowe sklepu Widocznosc nazwy sklepu",
                  "timedOut": null,
                  "duration": 2347,
                  "state": "passed",
                  "speed": "fast",
                  "pass": true,
                  "fail": false,
                  "pending": false,
                  "context": null,
                  "code": "cy.get('.site-title').should('be.visible');",
                  "err": {},
                  "uuid": "f63e2d6a-a6e8-4dbd-ad00-86d0ab5c0661",
                  "parentUUID": "f1fa2578-c008-4df1-8456-483f388f6f2a",
                  "isHook": false,
                  "skipped": false
                },
                {
                  "title": "Widocznosc banera",
                  "fullTitle": "Testy skleptest.pl Testy frontendowe sklepu Widocznosc banera",
                  "timedOut": null,
                  "duration": 845,
                  "state": "passed",
                  "speed": "fast",
                  "pass": true,
                  "fail": false,
                  "pending": false,
                  "context": null,
                  "code": "cy.get('.active > .item > .attachment-tyche-slider-image').should('be.visible');",
                  "err": {},
                  "uuid": "352f3ef4-7bca-4f50-a1a6-e2503f1a98ad",
                  "parentUUID": "f1fa2578-c008-4df1-8456-483f388f6f2a",
                  "isHook": false,
                  "skipped": false
                },
                {
                  "title": "Widocznosc zakladki dostawy",
                  "fullTitle": "Testy skleptest.pl Testy frontendowe sklepu Widocznosc zakladki dostawy",
                  "timedOut": null,
                  "duration": 760,
                  "state": "passed",
                  "speed": "fast",
                  "pass": true,
                  "fail": false,
                  "pending": false,
                  "context": null,
                  "code": "sklep.widocznoscZakladkiDostawy().should('contain.text', \"FREE SHIPPING\");",
                  "err": {},
                  "uuid": "8bc0e276-ec62-4633-963d-0b46d83459c7",
                  "parentUUID": "f1fa2578-c008-4df1-8456-483f388f6f2a",
                  "isHook": false,
                  "skipped": false
                },
                {
                  "title": "Poprawnosc numeru telefonu",
                  "fullTitle": "Testy skleptest.pl Testy frontendowe sklepu Poprawnosc numeru telefonu",
                  "timedOut": null,
                  "duration": 807,
                  "state": "passed",
                  "speed": "fast",
                  "pass": true,
                  "fail": false,
                  "pending": false,
                  "context": null,
                  "code": "cy.get(':nth-child(2) > .main-slider-info-cell > .cell-content > .cell-subcaption').should('contain.text', \"+04786445953\");",
                  "err": {},
                  "uuid": "a2f0a496-1880-441d-886c-73491652346c",
                  "parentUUID": "f1fa2578-c008-4df1-8456-483f388f6f2a",
                  "isHook": false,
                  "skipped": false
                },
                {
                  "title": "Wyszukiwanie produktu shirt",
                  "fullTitle": "Testy skleptest.pl Testy frontendowe sklepu Wyszukiwanie produktu shirt",
                  "timedOut": null,
                  "duration": 1877,
                  "state": "passed",
                  "speed": "fast",
                  "pass": true,
                  "fail": false,
                  "pending": false,
                  "context": null,
                  "code": "cy.fixture('Skleptest').then(produkty => {\n  cy.get('#search-field-top-bar').clear().type(produkty[0].fraze).type('{enter}');\n  cy.url().should('contain', _skleptest.default[0].fraze);\n});",
                  "err": {},
                  "uuid": "15e1f6c2-ac05-4be5-9cee-624b0b39722a",
                  "parentUUID": "f1fa2578-c008-4df1-8456-483f388f6f2a",
                  "isHook": false,
                  "skipped": false
                },
                {
                  "title": "Wyszukiwanie produktu top",
                  "fullTitle": "Testy skleptest.pl Testy frontendowe sklepu Wyszukiwanie produktu top",
                  "timedOut": null,
                  "duration": 1670,
                  "state": "passed",
                  "speed": "fast",
                  "pass": true,
                  "fail": false,
                  "pending": false,
                  "context": null,
                  "code": "cy.get('#search-field-top-bar').clear().type(\"top\").type('{enter}');\ncy.url().should(\"contain\", \"top\");",
                  "err": {},
                  "uuid": "f0fc3f99-f568-4564-afe3-a98fa71c57d1",
                  "parentUUID": "f1fa2578-c008-4df1-8456-483f388f6f2a",
                  "isHook": false,
                  "skipped": false
                },
                {
                  "title": "Dodawanie produktu do koszyka",
                  "fullTitle": "Testy skleptest.pl Testy frontendowe sklepu Dodawanie produktu do koszyka",
                  "timedOut": null,
                  "duration": 1215,
                  "state": "passed",
                  "speed": "fast",
                  "pass": true,
                  "fail": false,
                  "pending": false,
                  "context": null,
                  "code": "cy.get('#tyche_products-1 > .row > .col-sm-9 > .owl-carousel > .owl-stage-outer > .owl-stage > :nth-child(3) > .item > .tyche-product > .tyche-product-body > .ajax_add_to_cart').click();\ncy.get('.added_to_cart').should('be.visible');",
                  "err": {},
                  "uuid": "3c249c14-e544-494b-9ab5-d8efc394f8aa",
                  "parentUUID": "f1fa2578-c008-4df1-8456-483f388f6f2a",
                  "isHook": false,
                  "skipped": false
                },
                {
                  "title": "Widocznosc karty produktu",
                  "fullTitle": "Testy skleptest.pl Testy frontendowe sklepu Widocznosc karty produktu",
                  "timedOut": null,
                  "duration": 2106,
                  "state": "passed",
                  "speed": "fast",
                  "pass": true,
                  "fail": false,
                  "pending": false,
                  "context": null,
                  "code": "cy.get('#tyche_products-1 > .row > .col-sm-9 > .owl-carousel > .owl-stage-outer > .owl-stage > :nth-child(3) > .item > .tyche-product > .tyche-product-body > h3 > .woocommerce-LoopProduct-link').click();\ncy.get('.product_title').should('contain.text', \"Little Black Shirt\");",
                  "err": {},
                  "uuid": "f7206e99-5c27-4966-a2d8-e0d8333dccbc",
                  "parentUUID": "f1fa2578-c008-4df1-8456-483f388f6f2a",
                  "isHook": false,
                  "skipped": false
                },
                {
                  "title": "Widocznosc ceny na karcie produktu",
                  "fullTitle": "Testy skleptest.pl Testy frontendowe sklepu Widocznosc ceny na karcie produktu",
                  "timedOut": null,
                  "duration": 1436,
                  "state": "passed",
                  "speed": "fast",
                  "pass": true,
                  "fail": false,
                  "pending": false,
                  "context": null,
                  "code": "cy.get('#tyche_products-1 > .row > .col-sm-9 > .owl-carousel > .owl-stage-outer > .owl-stage > :nth-child(3) > .item > .tyche-product > .tyche-product-body > h3 > .woocommerce-LoopProduct-link').click();\ncy.get('.summary > .price > .woocommerce-Price-amount').should(\"be.visible\");",
                  "err": {},
                  "uuid": "acad7b7e-7d7d-4c16-8d3b-a4c8fcfc5f57",
                  "parentUUID": "f1fa2578-c008-4df1-8456-483f388f6f2a",
                  "isHook": false,
                  "skipped": false
                },
                {
                  "title": "Subskrybcja",
                  "fullTitle": "Testy skleptest.pl Testy frontendowe sklepu Subskrybcja",
                  "timedOut": null,
                  "duration": 2002,
                  "state": "passed",
                  "speed": "fast",
                  "pass": true,
                  "fail": false,
                  "pending": false,
                  "context": null,
                  "code": "cy.get('#es_txt_name').clear().type(\"abc\");\ncy.get('#es_txt_email').clear().type(\"abc@wp.pl\");\ncy.get('#es_txt_button').click();\ncy.get('#es_msg').should(\"contain.text\", \"Successfully Subscribed\");",
                  "err": {},
                  "uuid": "55ef1244-29d8-487d-8947-c4c5b577df54",
                  "parentUUID": "f1fa2578-c008-4df1-8456-483f388f6f2a",
                  "isHook": false,
                  "skipped": false
                },
                {
                  "title": "Wyszukiwanie po tagach",
                  "fullTitle": "Testy skleptest.pl Testy frontendowe sklepu Wyszukiwanie po tagach",
                  "timedOut": null,
                  "duration": 1334,
                  "state": "passed",
                  "speed": "fast",
                  "pass": true,
                  "fail": false,
                  "pending": false,
                  "context": null,
                  "code": "cy.get('.tag-link-16').click();\ncy.get('.page-title').should(\"contain.text\", \"Tag: Autumn\");",
                  "err": {},
                  "uuid": "ffa04b0e-7515-40a3-8cb4-c36ffbd3d19c",
                  "parentUUID": "f1fa2578-c008-4df1-8456-483f388f6f2a",
                  "isHook": false,
                  "skipped": false
                },
                {
                  "title": "Przechodzenie do koszyka po dodaniu produktu",
                  "fullTitle": "Testy skleptest.pl Testy frontendowe sklepu Przechodzenie do koszyka po dodaniu produktu",
                  "timedOut": null,
                  "duration": 2390,
                  "state": "passed",
                  "speed": "fast",
                  "pass": true,
                  "fail": false,
                  "pending": false,
                  "context": null,
                  "code": "cy.get('#tyche_products-2 > .row > .col-sm-9 > .owl-carousel > .owl-stage-outer > .owl-stage > :nth-child(1) > .item > .tyche-product > .tyche-product-body > .ajax_add_to_cart').click();\ncy.get('.top-cart > a').click();\ncy.url().should(\"contain\", \"cart\");",
                  "err": {},
                  "uuid": "241c7043-121a-4547-8caf-b1783b6c1e2c",
                  "parentUUID": "f1fa2578-c008-4df1-8456-483f388f6f2a",
                  "isHook": false,
                  "skipped": false
                }
              ],
              "suites": [],
              "passes": [
                "f63e2d6a-a6e8-4dbd-ad00-86d0ab5c0661",
                "352f3ef4-7bca-4f50-a1a6-e2503f1a98ad",
                "8bc0e276-ec62-4633-963d-0b46d83459c7",
                "a2f0a496-1880-441d-886c-73491652346c",
                "15e1f6c2-ac05-4be5-9cee-624b0b39722a",
                "f0fc3f99-f568-4564-afe3-a98fa71c57d1",
                "3c249c14-e544-494b-9ab5-d8efc394f8aa",
                "f7206e99-5c27-4966-a2d8-e0d8333dccbc",
                "acad7b7e-7d7d-4c16-8d3b-a4c8fcfc5f57",
                "55ef1244-29d8-487d-8947-c4c5b577df54",
                "ffa04b0e-7515-40a3-8cb4-c36ffbd3d19c",
                "241c7043-121a-4547-8caf-b1783b6c1e2c"
              ],
              "failures": [],
              "pending": [],
              "skipped": [],
              "duration": 18789,
              "root": false,
              "rootEmpty": false,
              "_timeout": 2000
            }
          ],
          "passes": [],
          "failures": [],
          "pending": [],
          "skipped": [],
          "duration": 0,
          "root": false,
          "rootEmpty": false,
          "_timeout": 2000
        }
      ],
      "passes": [],
      "failures": [],
      "pending": [],
      "skipped": [],
      "duration": 0,
      "root": true,
      "rootEmpty": true,
      "_timeout": 2000
    }
  ],
  "meta": {
    "mocha": {
      "version": "7.0.1"
    },
    "mochawesome": {
      "options": {
        "quiet": false,
        "reportFilename": "mochawesome",
        "saveHtml": true,
        "saveJson": true,
        "consoleReporter": "spec",
        "useInlineDiffs": false,
        "code": true
      },
      "version": "7.1.3"
    },
    "marge": {
      "options": null,
      "version": "6.2.0"
    }
  }
}