{
  "stats": {
    "suites": 2,
    "tests": 3,
    "passes": 2,
    "pending": 10,
    "failures": -9,
    "start": "2022-06-21T22:10:26.385Z",
    "end": "2022-06-21T22:10:48.617Z",
    "duration": 22232,
    "testsRegistered": 12,
    "passPercent": 100,
    "pendingPercent": 83.33333333333334,
    "other": 9,
    "hasOther": true,
    "skipped": 0,
    "hasSkipped": false
  },
  "results": [
    {
      "uuid": "0f4285f4-5949-44e8-a1c8-804cc93b97c6",
      "title": "",
      "fullFile": "cypress/integration/Project/automationpractice.spec.js",
      "file": "cypress/integration/Project/automationpractice.spec.js",
      "beforeHooks": [],
      "afterHooks": [],
      "tests": [],
      "suites": [
        {
          "uuid": "4c9d1e9b-3293-459b-b9a9-1a17c54ace7a",
          "title": "Testing UI of automationpractice site",
          "fullFile": "",
          "file": "",
          "beforeHooks": [],
          "afterHooks": [],
          "tests": [],
          "suites": [
            {
              "uuid": "bf9bfafd-71b5-4118-89a0-72ec3261a983",
              "title": "Landing page test",
              "fullFile": "",
              "file": "",
              "beforeHooks": [],
              "afterHooks": [],
              "tests": [
                {
                  "title": "Checking logo visibility",
                  "fullTitle": "Testing UI of automationpractice site Landing page test Checking logo visibility",
                  "timedOut": null,
                  "duration": 8904,
                  "state": "passed",
                  "speed": "medium",
                  "pass": true,
                  "fail": false,
                  "pending": false,
                  "context": null,
                  "code": "cy.visit(\"www.automationpractice.com\");\ncy.get(\"#header_logo\").should(\"be.visible\");",
                  "err": {},
                  "uuid": "167fae6f-c873-4855-823d-2b6458942285",
                  "parentUUID": "bf9bfafd-71b5-4118-89a0-72ec3261a983",
                  "isHook": false,
                  "skipped": false
                },
                {
                  "title": "Checking homeslider visibility",
                  "fullTitle": "Testing UI of automationpractice site Landing page test Checking homeslider visibility",
                  "timedOut": null,
                  "duration": 0,
                  "state": "pending",
                  "speed": null,
                  "pass": false,
                  "fail": false,
                  "pending": true,
                  "context": null,
                  "code": "",
                  "err": {},
                  "uuid": "75ad6678-a8a2-442f-9df1-89659d6b095f",
                  "parentUUID": "bf9bfafd-71b5-4118-89a0-72ec3261a983",
                  "isHook": false,
                  "skipped": false
                },
                {
                  "title": "Checking banner visibility",
                  "fullTitle": "Testing UI of automationpractice site Landing page test Checking banner visibility",
                  "timedOut": null,
                  "duration": 0,
                  "state": "pending",
                  "speed": null,
                  "pass": false,
                  "fail": false,
                  "pending": true,
                  "context": null,
                  "code": "",
                  "err": {},
                  "uuid": "36b1d4ae-98a8-4686-af9f-f1a83a6415d2",
                  "parentUUID": "bf9bfafd-71b5-4118-89a0-72ec3261a983",
                  "isHook": false,
                  "skipped": false
                },
                {
                  "title": "Search for product by clicking search on mainpage",
                  "fullTitle": "Testing UI of automationpractice site Landing page test Search for product by clicking search on mainpage",
                  "timedOut": null,
                  "duration": 0,
                  "state": "pending",
                  "speed": null,
                  "pass": false,
                  "fail": false,
                  "pending": true,
                  "context": null,
                  "code": "",
                  "err": {},
                  "uuid": "93751a24-1a86-4e0b-89f8-ecb4ab31194a",
                  "parentUUID": "bf9bfafd-71b5-4118-89a0-72ec3261a983",
                  "isHook": false,
                  "skipped": false
                },
                {
                  "title": "Add product to cart and check pop-up alert",
                  "fullTitle": "Testing UI of automationpractice site Landing page test Add product to cart and check pop-up alert",
                  "timedOut": null,
                  "duration": 0,
                  "state": "pending",
                  "speed": null,
                  "pass": false,
                  "fail": false,
                  "pending": true,
                  "context": null,
                  "code": "",
                  "err": {},
                  "uuid": "95989f4d-ca43-4276-b450-afbf3aad0c75",
                  "parentUUID": "bf9bfafd-71b5-4118-89a0-72ec3261a983",
                  "isHook": false,
                  "skipped": false
                },
                {
                  "title": "Add product to cart and check if number was added to cart",
                  "fullTitle": "Testing UI of automationpractice site Landing page test Add product to cart and check if number was added to cart",
                  "timedOut": null,
                  "duration": 0,
                  "state": "pending",
                  "speed": null,
                  "pass": false,
                  "fail": false,
                  "pending": true,
                  "context": null,
                  "code": "",
                  "err": {},
                  "uuid": "95ac0fb7-5aaf-4a89-ac5b-19ae45ee6ccf",
                  "parentUUID": "bf9bfafd-71b5-4118-89a0-72ec3261a983",
                  "isHook": false,
                  "skipped": false
                },
                {
                  "title": "Add product to cart and go to cart and see if total price is visible",
                  "fullTitle": "Testing UI of automationpractice site Landing page test Add product to cart and go to cart and see if total price is visible",
                  "timedOut": null,
                  "duration": 0,
                  "state": "pending",
                  "speed": null,
                  "pass": false,
                  "fail": false,
                  "pending": true,
                  "context": null,
                  "code": "",
                  "err": {},
                  "uuid": "ea96b138-6b16-4cdb-8082-a2a198b99940",
                  "parentUUID": "bf9bfafd-71b5-4118-89a0-72ec3261a983",
                  "isHook": false,
                  "skipped": false
                },
                {
                  "title": "Add product to cart nad close pop-up alert",
                  "fullTitle": "Testing UI of automationpractice site Landing page test Add product to cart nad close pop-up alert",
                  "timedOut": null,
                  "duration": 0,
                  "state": "pending",
                  "speed": null,
                  "pass": false,
                  "fail": false,
                  "pending": true,
                  "context": null,
                  "code": "",
                  "err": {},
                  "uuid": "ad13ce19-f80c-4f1b-868a-237fb972fde6",
                  "parentUUID": "bf9bfafd-71b5-4118-89a0-72ec3261a983",
                  "isHook": false,
                  "skipped": false
                },
                {
                  "title": "Go to footer and click on 'About us'",
                  "fullTitle": "Testing UI of automationpractice site Landing page test Go to footer and click on 'About us'",
                  "timedOut": null,
                  "duration": 0,
                  "state": "pending",
                  "speed": null,
                  "pass": false,
                  "fail": false,
                  "pending": true,
                  "context": null,
                  "code": "",
                  "err": {},
                  "uuid": "a3437b1a-0618-42cf-ab28-6206b10f473c",
                  "parentUUID": "bf9bfafd-71b5-4118-89a0-72ec3261a983",
                  "isHook": false,
                  "skipped": false
                },
                {
                  "title": "Go to 'New products', click on logo and go back to main page",
                  "fullTitle": "Testing UI of automationpractice site Landing page test Go to 'New products', click on logo and go back to main page",
                  "timedOut": null,
                  "duration": 8474,
                  "state": "passed",
                  "speed": "medium",
                  "pass": true,
                  "fail": false,
                  "pending": false,
                  "context": null,
                  "code": "cy.get('.toggle-footer > :nth-child(2) > a').click();\ncy.get('.page-heading').should(\"contain.text\", \"New products\");\ncy.get(\"#header_logo\").click();\ncy.get('#htmlcontent_top > .htmlcontent-home > .htmlcontent-item-1 > .item-link > .item-img').should(\"be.visible\");",
                  "err": {},
                  "uuid": "0abe0c45-7731-4525-8c49-9bf3d876f865",
                  "parentUUID": "bf9bfafd-71b5-4118-89a0-72ec3261a983",
                  "isHook": false,
                  "skipped": false
                },
                {
                  "title": "Go to product page card and see if data sheet is visible",
                  "fullTitle": "Testing UI of automationpractice site Landing page test Go to product page card and see if data sheet is visible",
                  "timedOut": null,
                  "duration": 0,
                  "state": "pending",
                  "speed": null,
                  "pass": false,
                  "fail": false,
                  "pending": true,
                  "context": null,
                  "code": "",
                  "err": {},
                  "uuid": "17b9af89-03c3-4aac-be9f-5375afb6175d",
                  "parentUUID": "bf9bfafd-71b5-4118-89a0-72ec3261a983",
                  "isHook": false,
                  "skipped": false
                },
                {
                  "title": "Go to 'Contact us' and sent a message by 'Contact Us' form",
                  "fullTitle": "Testing UI of automationpractice site Landing page test Go to 'Contact us' and sent a message by 'Contact Us' form",
                  "timedOut": null,
                  "duration": 0,
                  "state": "pending",
                  "speed": null,
                  "pass": false,
                  "fail": false,
                  "pending": true,
                  "context": null,
                  "code": "",
                  "err": {},
                  "uuid": "53be8d67-38a2-4437-a5e5-b1e54a5c88c8",
                  "parentUUID": "bf9bfafd-71b5-4118-89a0-72ec3261a983",
                  "isHook": false,
                  "skipped": false
                }
              ],
              "suites": [],
              "passes": [
                "167fae6f-c873-4855-823d-2b6458942285",
                "0abe0c45-7731-4525-8c49-9bf3d876f865"
              ],
              "failures": [],
              "pending": [
                "75ad6678-a8a2-442f-9df1-89659d6b095f",
                "36b1d4ae-98a8-4686-af9f-f1a83a6415d2",
                "93751a24-1a86-4e0b-89f8-ecb4ab31194a",
                "95989f4d-ca43-4276-b450-afbf3aad0c75",
                "95ac0fb7-5aaf-4a89-ac5b-19ae45ee6ccf",
                "ea96b138-6b16-4cdb-8082-a2a198b99940",
                "ad13ce19-f80c-4f1b-868a-237fb972fde6",
                "a3437b1a-0618-42cf-ab28-6206b10f473c",
                "17b9af89-03c3-4aac-be9f-5375afb6175d",
                "53be8d67-38a2-4437-a5e5-b1e54a5c88c8"
              ],
              "skipped": [],
              "duration": 17378,
              "root": false,
              "rootEmpty": false,
              "_timeout": 2000
            }
          ],
          "passes": [],
          "failures": [],
          "pending": [],
          "skipped": [],
          "duration": 0,
          "root": false,
          "rootEmpty": false,
          "_timeout": 2000
        }
      ],
      "passes": [],
      "failures": [],
      "pending": [],
      "skipped": [],
      "duration": 0,
      "root": true,
      "rootEmpty": true,
      "_timeout": 2000
    }
  ],
  "meta": {
    "mocha": {
      "version": "7.0.1"
    },
    "mochawesome": {
      "options": {
        "quiet": false,
        "reportFilename": "mochawesome",
        "saveHtml": true,
        "saveJson": true,
        "consoleReporter": "spec",
        "useInlineDiffs": false,
        "code": true
      },
      "version": "7.1.3"
    },
    "marge": {
      "options": null,
      "version": "6.2.0"
    }
  }
}